Using pre-set license
Built from '2021.1/staging' branch; Version is '2021.1.11f1 (4d8c25f7477e) revision 5082149'; Using compiler version '192528614'; Build Type 'Release'
OS: 'Windows 10 Home; OS build 19043.1165; Version 2009; 64bit' Language: 'en' Physical Memory: 32683 MB
BatchMode: 1, IsHumanControllingUs: 0, StartBugReporterOnCrash: 0, Is64bit: 1, IsPro: 0

 COMMAND LINE ARGUMENTS:
E:\Program Installs\UnityEditors\2021.1.11f1\Editor\Unity.exe
-adb2
-batchMode
-noUpm
-name
AssetImportWorker0
-projectPath
E:/GitHub/unnamed-unity-mp-project-mirror
-logFile
Logs/AssetImportWorker0.log
-srvPort
58372
Successfully changed project path to: E:/GitHub/unnamed-unity-mp-project-mirror
E:/GitHub/unnamed-unity-mp-project-mirror
Using Asset Import Pipeline V2.
Refreshing native plugins compatible for Editor in 57.52 ms, found 0 plugins.
Preloading 0 native plugins for Editor in 0.00 ms.
Initialize engine version: 2021.1.11f1 (4d8c25f7477e)
[Subsystems] Discovering subsystems at path E:/Program Installs/UnityEditors/2021.1.11f1/Editor/Data/Resources/UnitySubsystems
[Subsystems] Discovering subsystems at path E:/GitHub/unnamed-unity-mp-project-mirror/Assets
GfxDevice: creating device client; threaded=0; jobified=0
Direct3D:
    Version:  Direct3D 11.0 [level 11.1]
    Renderer: NVIDIA GeForce RTX 2070 SUPER (ID=0x1e84)
    Vendor:   NVIDIA
    VRAM:     8011 MB
    Driver:   30.0.14.7196
Shader 'Universal Render Pipeline/Particles/Lit': fallback shader 'Universal Render Pipeline/Particles/SimpleLit' not found
Initialize mono
Mono path[0] = 'E:/Program Installs/UnityEditors/2021.1.11f1/Editor/Data/Managed'
Mono path[1] = 'E:/Program Installs/UnityEditors/2021.1.11f1/Editor/Data/MonoBleedingEdge/lib/mono/unityjit'
Mono config path = 'E:/Program Installs/UnityEditors/2021.1.11f1/Editor/Data/MonoBleedingEdge/etc'
Using monoOptions --debugger-agent=transport=dt_socket,embedding=1,server=y,suspend=n,address=127.0.0.1:56636
Begin MonoManager ReloadAssembly
Registering precompiled unity dll's ...
Register platform support module: E:/Program Installs/UnityEditors/2021.1.11f1/Editor/Data/PlaybackEngines/WebGLSupport/UnityEditor.WebGL.Extensions.dll
Register platform support module: E:/Program Installs/UnityEditors/2021.1.11f1/Editor/Data/PlaybackEngines/WindowsStandaloneSupport/UnityEditor.WindowsStandalone.Extensions.dll
Registered in 0.001043 seconds.
Native extension for WindowsStandalone target not found
Native extension for WebGL target not found
Refreshing native plugins compatible for Editor in 58.42 ms, found 0 plugins.
Preloading 0 native plugins for Editor in 0.00 ms.
Mono: successfully reloaded assembly
- Completed reload, in  1.068 seconds
Domain Reload Profiling:
	ReloadAssembly (1068ms)
		BeginReloadAssembly (43ms)
			ExecutionOrderSort (0ms)
			DisableScriptedObjects (0ms)
			BackupInstance (0ms)
			ReleaseScriptingObjects (0ms)
			CreateAndSetChildDomain (1ms)
		EndReloadAssembly (419ms)
			LoadAssemblies (43ms)
			RebuildTransferFunctionScriptingTraits (0ms)
			SetupTypeCache (161ms)
			ReleaseScriptCaches (0ms)
			RebuildScriptCaches (31ms)
			SetupLoadedEditorAssemblies (187ms)
				LogAssemblyErrors (0ms)
				InitializePlatformSupportModulesInManaged (6ms)
				SetLoadedEditorAssemblies (0ms)
				RefreshPlugins (58ms)
				BeforeProcessingInitializeOnLoad (1ms)
				ProcessInitializeOnLoadAttributes (94ms)
				ProcessInitializeOnLoadMethodAttributes (27ms)
				AfterProcessingInitializeOnLoad (0ms)
				EditorAssembliesLoaded (0ms)
			ExecutionOrderSort2 (0ms)
			AwakeInstancesAfterBackupRestoration (0ms)
Platform modules already initialized, skipping
Registering precompiled user dll's ...
Registered in 0.004348 seconds.
Begin MonoManager ReloadAssembly
Native extension for WindowsStandalone target not found
Native extension for WebGL target not found
Refreshing native plugins compatible for Editor in 58.49 ms, found 0 plugins.
Preloading 0 native plugins for Editor in 0.00 ms.
Find all reader and writers took 136 milliseconds
Script Module: UnityEngine.UI.dll
Weave behaviours and messages took124 milliseconds
Find all reader and writers took 111 milliseconds
Script Module: Zenject.dll
Weave behaviours and messages took209 milliseconds
Find all reader and writers took 107 milliseconds
Script Module: Unity.RenderPipelines.Core.Runtime.dll
Weave behaviours and messages took99 milliseconds
Find all reader and writers took 107 milliseconds
Script Module: UnityEngine.TestRunner.dll
Weave behaviours and messages took44 milliseconds
Find all reader and writers took 120 milliseconds
Script Module: Unity.Mathematics.dll
Weave behaviours and messages took351 milliseconds
Find all reader and writers took 123 milliseconds
Script Module: Unity.InputSystem.dll
Weave behaviours and messages took304 milliseconds
Find all reader and writers took 106 milliseconds
Script Module: SimpleWebTransport.dll
Weave behaviours and messages took11 milliseconds
Find all reader and writers took 121 milliseconds
Script Module: Unity.RenderPipelines.Universal.Runtime.dll
Weave behaviours and messages took128 milliseconds
Find all reader and writers took 123 milliseconds
Script Module: Unity.TextMeshPro.dll
Weave behaviours and messages took130 milliseconds
Find all reader and writers took 108 milliseconds
Script Module: Zenject-IntegrationTests.dll
Weave behaviours and messages took8 milliseconds
Find all reader and writers took 105 milliseconds
Script Module: Unity.Timeline.dll
Weave behaviours and messages took44 milliseconds
Find all reader and writers took 103 milliseconds
Script Module: Telepathy.dll
Weave behaviours and messages took4 milliseconds
Find all reader and writers took 130 milliseconds
Script Module: Project.Scripts.Scenes.dll
Weave behaviours and messages took1 milliseconds
Find all reader and writers took 115 milliseconds
Script Module: Sirenix.OdinInspector.CompatibilityLayer.dll
Weave behaviours and messages took0 milliseconds
Find all reader and writers took 115 milliseconds
Script Module: Mirror.Cloud.dll
Weave behaviours and messages took5 milliseconds
Find all reader and writers took 107 milliseconds
Script Module: Project.Scripts.Injection.dll
Weave behaviours and messages took0 milliseconds
Find all reader and writers took 108 milliseconds
Script Module: kcp2k.dll
Weave behaviours and messages took6 milliseconds
Find all reader and writers took 100 milliseconds
Script Module: Unity.RenderPipeline.Universal.ShaderLibrary.dll
Weave behaviours and messages took0 milliseconds
Find all reader and writers took 113 milliseconds
Script Module: Project.Scripts.Camera.dll
Weave behaviours and messages took1 milliseconds
Find all reader and writers took 107 milliseconds
Script Module: Unity.RenderPipelines.Core.ShaderLibrary.dll
Weave behaviours and messages took0 milliseconds
Find all reader and writers took 112 milliseconds
Script Module: Project.Scripts.Game.dll
Weave behaviours and messages took0 milliseconds
Find all reader and writers took 107 milliseconds
Script Module: Assembly-CSharp.dll
Weave behaviours and messages took1 milliseconds
Find all reader and writers took 107 milliseconds
Script Module: Project.Settings.Input.dll
Weave behaviours and messages took2 milliseconds
Find all reader and writers took 109 milliseconds
Script Module: Unity.RenderPipelines.Universal.Shaders.dll
Weave behaviours and messages took0 milliseconds
Find all reader and writers took 106 milliseconds
Script Module: Unity.RenderPipelines.ShaderGraph.ShaderGraphLibrary.dll
Weave behaviours and messages took0 milliseconds
Find all reader and writers took 108 milliseconds
Script Module: Project.Scripts.Networking.dll
Weave behaviours and messages took0 milliseconds
Find all reader and writers took 143 milliseconds
Script Module: UnityEditor.TestRunner.dll
Weave behaviours and messages took59 milliseconds
Find all reader and writers took 109 milliseconds
Script Module: Mirror.CompilerSymbols.dll
Weave behaviours and messages took0 milliseconds
Find all reader and writers took 134 milliseconds
Script Module: UnityEditor.UI.dll
Weave behaviours and messages took20 milliseconds
Find all reader and writers took 117 milliseconds
Script Module: Zenject-TestFramework.dll
Weave behaviours and messages took1 milliseconds
Find all reader and writers took 108 milliseconds
Script Module: Unity.ShaderGraph.Utilities.dll
Weave behaviours and messages took0 milliseconds
Find all reader and writers took 116 milliseconds
Script Module: Sirenix.OdinInspector.Modules.UnityMathematics.dll
Weave behaviours and messages took11 milliseconds
Mono: successfully reloaded assembly
- Completed reload, in 13.469 seconds
Domain Reload Profiling:
	ReloadAssembly (13470ms)
		BeginReloadAssembly (128ms)
			ExecutionOrderSort (0ms)
			DisableScriptedObjects (4ms)
			BackupInstance (0ms)
			ReleaseScriptingObjects (0ms)
			CreateAndSetChildDomain (16ms)
		EndReloadAssembly (13293ms)
			LoadAssemblies (76ms)
			RebuildTransferFunctionScriptingTraits (0ms)
			SetupTypeCache (296ms)
			ReleaseScriptCaches (1ms)
			RebuildScriptCaches (60ms)
			SetupLoadedEditorAssemblies (12767ms)
				LogAssemblyErrors (0ms)
				InitializePlatformSupportModulesInManaged (4ms)
				SetLoadedEditorAssemblies (0ms)
				RefreshPlugins (59ms)
				BeforeProcessingInitializeOnLoad (70ms)
				ProcessInitializeOnLoadAttributes (691ms)
				ProcessInitializeOnLoadMethodAttributes (11939ms)
				AfterProcessingInitializeOnLoad (2ms)
				EditorAssembliesLoaded (0ms)
			ExecutionOrderSort2 (0ms)
			AwakeInstancesAfterBackupRestoration (6ms)
Platform modules already initialized, skipping
========================================================================
Worker process is ready to serve import requests
Shader 'Universal Render Pipeline/Particles/Lit': fallback shader 'Universal Render Pipeline/Particles/SimpleLit' not found
Launched and connected shader compiler UnityShaderCompiler.exe after 0.04 seconds
Refreshing native plugins compatible for Editor in 0.80 ms, found 0 plugins.
Preloading 0 native plugins for Editor in 0.00 ms.
Unloading 3422 Unused Serialized files (Serialized files now loaded: 0)
System memory in use before: 149.4 MB.
System memory in use after: 149.6 MB.

Unloading 30 unused Assets to reduce memory usage. Loaded Objects now: 3930.
Total: 21.584600 ms (FindLiveObjects: 0.336900 ms CreateObjectMapping: 0.216200 ms MarkObjects: 20.968300 ms  DeleteObjects: 0.061900 ms)

AssetImportParameters requested are different than current active one (requested -> active):
  custom:framework-win-MediaFoundation: 216162199b28c13a410421893ffa2e32 -> 
  custom:video-decoder-ogg-theora: a1e56fd34408186e4bbccfd4996cb3dc -> 
  custom:container-muxer-webm: aa71ff27fc2769a1b78a27578f13a17b -> 
  custom:container-demuxer-webm: 4f35f7cbe854078d1ac9338744f61a02 -> 
  custom:container-demuxer-ogg: 62fdf1f143b41e24485cea50d1cbac27 -> 
  custom:video-encoder-webm-vp8: eb34c28f22e8b96e1ab97ce403110664 -> 
  custom:video-decoder-webm-vp8: 9c59270c3fd7afecdb556c50c9e8de78 -> 
  custom:audio-decoder-ogg-vorbis: bf7c407c2cedff20999df2af8eb42d56 -> 
  custom:audio-encoder-webm-vorbis: bf7c407c2cedff20999df2af8eb42d56 -> 
========================================================================
Received Import Request.
  path: Assets/Scenes/Common/GameContext.unity
  artifactKey: Guid(62d9e2d7a40df8a4585c19b365d4a21b) Importer(815301076,1909f56bfc062723c751e8b465ee728b)
Start importing Assets/Scenes/Common/GameContext.unity using Guid(62d9e2d7a40df8a4585c19b365d4a21b) Importer(815301076,1909f56bfc062723c751e8b465ee728b)  -> (artifact id: '9c0854b12fe228f718b305ae78e4b963') in 0.017613 seconds 
AssetImportWorkerClient::OnTransportError - code=2 error=End of file
